<?xml version="1.0" encoding="UTF-8"?>
<!-- Generated by org.testng.reporters.JUnitReportReporter -->
<testsuite hostname="Kusumas-MacBook-Air.local" failures="0" tests="1" name="driverscript.Driverscript_saucedemo" time="8.065" errors="0" timestamp="2023-06-17T14:17:03 IST" skipped="0">
  <testcase classname="driverscript.Driverscript_saucedemo" name="feature" time="8.065"/>
  <system-out/>
</testsuite> <!-- driverscript.Driverscript_saucedemo -->
